# JRE version: Java(TM) SE Runtime Environment (8.0_161-b12) (build 1.8.0_161-b12)
# Java VM: Java HotSpot(TM) 64-Bit Server VM (25.161-b12 mixed mode linux-amd64 compressed oops)
Heap:
 PSYoungGen      total 279552K, used 987K [0x00000000eab00000, 0x00000000ff900000, 0x0000000100000000)
  eden space 252416K, 0% used [0x00000000eab00000,0x00000000eab00000,0x00000000fa180000)
  from space 27136K, 3% used [0x00000000fc480000,0x00000000fc576cb8,0x00000000fdf00000)
  to   space 35840K, 0% used [0x00000000fa180000,0x00000000fa180000,0x00000000fc480000)
 ParOldGen       total 76800K, used 76437K [0x00000000c0000000, 0x00000000c4b00000, 0x00000000eab00000)
  object space 76800K, 99% used [0x00000000c0000000,0x00000000c4aa55a8,0x00000000c4b00000)
 Metaspace       used 54587K, capacity 58954K, committed 59028K, reserved 1099776K
  class space    used 7660K, capacity 8887K, committed 8960K, reserved 1048576K
GC Heap History (10 events):
Event: 5.648 GC heap after
Heap after GC invocations=8 (full 1):
 PSYoungGen      total 134656K, used 10223K [0x00000000eab00000, 0x00000000f8280000, 0x0000000100000000)
  eden space 124416K, 0% used [0x00000000eab00000,0x00000000eab00000,0x00000000f2480000)
  from space 10240K, 99% used [0x00000000f2480000,0x00000000f2e7be20,0x00000000f2e80000)
  to   space 13312K, 0% used [0x00000000f7580000,0x00000000f7580000,0x00000000f8280000)
 ParOldGen       total 50176K, used 10188K [0x00000000c0000000, 0x00000000c3100000, 0x00000000eab00000)
  object space 50176K, 20% used [0x00000000c0000000,0x00000000c09f32a8,0x00000000c3100000)
 Metaspace       used 34616K, capacity 35372K, committed 35416K, reserved 1079296K
  class space    used 4814K, capacity 5092K, committed 5120K, reserved 1048576K
}
Event: 5.648 GC heap before
{Heap before GC invocations=9 (full 2):
 PSYoungGen      total 134656K, used 10223K [0x00000000eab00000, 0x00000000f8280000, 0x0000000100000000)
  eden space 124416K, 0% used [0x00000000eab00000,0x00000000eab00000,0x00000000f2480000)
  from space 10240K, 99% used [0x00000000f2480000,0x00000000f2e7be20,0x00000000f2e80000)
  to   space 13312K, 0% used [0x00000000f7580000,0x00000000f7580000,0x00000000f8280000)
 ParOldGen       total 50176K, used 10188K [0x00000000c0000000, 0x00000000c3100000, 0x00000000eab00000)
  object space 50176K, 20% used [0x00000000c0000000,0x00000000c09f32a8,0x00000000c3100000)
 Metaspace       used 34616K, capacity 35372K, committed 35416K, reserved 1079296K
  class space    used 4814K, capacity 5092K, committed 5120K, reserved 1048576K
Event: 5.754 GC heap after
Heap after GC invocations=9 (full 2):
 PSYoungGen      total 134656K, used 0K [0x00000000eab00000, 0x00000000f8280000, 0x0000000100000000)
  eden space 124416K, 0% used [0x00000000eab00000,0x00000000eab00000,0x00000000f2480000)
  from space 10240K, 0% used [0x00000000f2480000,0x00000000f2480000,0x00000000f2e80000)
  to   space 13312K, 0% used [0x00000000f7580000,0x00000000f7580000,0x00000000f8280000)
 ParOldGen       total 76800K, used 19718K [0x00000000c0000000, 0x00000000c4b00000, 0x00000000eab00000)
  object space 76800K, 25% used [0x00000000c0000000,0x00000000c1341900,0x00000000c4b00000)
 Metaspace       used 34616K, capacity 35372K, committed 35416K, reserved 1079296K
  class space    used 4814K, capacity 5092K, committed 5120K, reserved 1048576K
}
Event: 7.481 GC heap before
{Heap before GC invocations=10 (full 2):
 PSYoungGen      total 134656K, used 124416K [0x00000000eab00000, 0x00000000f8280000, 0x0000000100000000)
  eden space 124416K, 100% used [0x00000000eab00000,0x00000000f2480000,0x00000000f2480000)
  from space 10240K, 0% used [0x00000000f2480000,0x00000000f2480000,0x00000000f2e80000)
  to   space 13312K, 0% used [0x00000000f7580000,0x00000000f7580000,0x00000000f8280000)
 ParOldGen       total 76800K, used 19718K [0x00000000c0000000, 0x00000000c4b00000, 0x00000000eab00000)
  object space 76800K, 25% used [0x00000000c0000000,0x00000000c1341900,0x00000000c4b00000)
 Metaspace       used 39808K, capacity 40714K, committed 40960K, reserved 1085440K
  class space    used 5507K, capacity 5789K, committed 5888K, reserved 1048576K
Event: 7.536 GC heap after
Heap after GC invocations=10 (full 2):
 PSYoungGen      total 205824K, used 13284K [0x00000000eab00000, 0x00000000f8d00000, 0x0000000100000000)
  eden space 192512K, 0% used [0x00000000eab00000,0x00000000eab00000,0x00000000f6700000)
  from space 13312K, 99% used [0x00000000f7580000,0x00000000f8279028,0x00000000f8280000)
  to   space 14848K, 0% used [0x00000000f6700000,0x00000000f6700000,0x00000000f7580000)
 ParOldGen       total 76800K, used 19834K [0x00000000c0000000, 0x00000000c4b00000, 0x00000000eab00000)
  object space 76800K, 25% used [0x00000000c0000000,0x00000000c135e8e0,0x00000000c4b00000)
 Metaspace       used 39808K, capacity 40714K, committed 40960K, reserved 1085440K
  class space    used 5507K, capacity 5789K, committed 5888K, reserved 1048576K
}
Event: 11.709 GC heap before
{Heap before GC invocations=11 (full 2):
 PSYoungGen      total 205824K, used 205796K [0x00000000eab00000, 0x00000000f8d00000, 0x0000000100000000)
  eden space 192512K, 100% used [0x00000000eab00000,0x00000000f6700000,0x00000000f6700000)
  from space 13312K, 99% used [0x00000000f7580000,0x00000000f8279028,0x00000000f8280000)
  to   space 14848K, 0% used [0x00000000f6700000,0x00000000f6700000,0x00000000f7580000)
 ParOldGen       total 76800K, used 19834K [0x00000000c0000000, 0x00000000c4b00000, 0x00000000eab00000)
  object space 76800K, 25% used [0x00000000c0000000,0x00000000c135e8e0,0x00000000c4b00000)
 Metaspace       used 52277K, capacity 55144K, committed 55424K, reserved 1097728K
  class space    used 7251K, capacity 8026K, committed 8064K, reserved 1048576K
Event: 11.793 GC heap after
Heap after GC invocations=11 (full 2):
 PSYoungGen      total 207360K, used 14816K [0x00000000eab00000, 0x00000000fdf00000, 0x0000000100000000)
  eden space 192512K, 0% used [0x00000000eab00000,0x00000000eab00000,0x00000000f6700000)
  from space 14848K, 99% used [0x00000000f6700000,0x00000000f7578028,0x00000000f7580000)
  to   space 27136K, 0% used [0x00000000fc480000,0x00000000fc480000,0x00000000fdf00000)
 ParOldGen       total 76800K, used 44762K [0x00000000c0000000, 0x00000000c4b00000, 0x00000000eab00000)
  object space 76800K, 58% used [0x00000000c0000000,0x00000000c2bb6a68,0x00000000c4b00000)
 Metaspace       used 52277K, capacity 55144K, committed 55424K, reserved 1097728K
  class space    used 7251K, capacity 8026K, committed 8064K, reserved 1048576K
}
Event: 14.651 GC heap before
{Heap before GC invocations=12 (full 2):
 PSYoungGen      total 207360K, used 146828K [0x00000000eab00000, 0x00000000fdf00000, 0x0000000100000000)
  eden space 192512K, 68% used [0x00000000eab00000,0x00000000f2beb168,0x00000000f6700000)
  from space 14848K, 99% used [0x00000000f6700000,0x00000000f7578028,0x00000000f7580000)
  to   space 27136K, 0% used [0x00000000fc480000,0x00000000fc480000,0x00000000fdf00000)
 ParOldGen       total 76800K, used 44762K [0x00000000c0000000, 0x00000000c4b00000, 0x00000000eab00000)
  object space 76800K, 58% used [0x00000000c0000000,0x00000000c2bb6a68,0x00000000c4b00000)
 Metaspace       used 54587K, capacity 58954K, committed 59028K, reserved 1099776K
  class space    used 7660K, capacity 8887K, committed 8960K, reserved 1048576K
Event: 14.939 GC heap after
Heap after GC invocations=12 (full 2):
 PSYoungGen      total 279552K, used 27104K [0x00000000eab00000, 0x00000000ff900000, 0x0000000100000000)
  eden space 252416K, 0% used [0x00000000eab00000,0x00000000eab00000,0x00000000fa180000)
  from space 27136K, 99% used [0x00000000fc480000,0x00000000fdef8018,0x00000000fdf00000)
  to   space 35840K, 0% used [0x00000000fa180000,0x00000000fa180000,0x00000000fc480000)
 ParOldGen       total 76800K, used 57356K [0x00000000c0000000, 0x00000000c4b00000, 0x00000000eab00000)
  object space 76800K, 74% used [0x00000000c0000000,0x00000000c3803030,0x00000000c4b00000)
 Metaspace       used 54587K, capacity 58954K, committed 59028K, reserved 1099776K
  class space    used 7660K, capacity 8887K, committed 8960K, reserved 1048576K
}
Event: 14.942 GC heap before
{Heap before GC invocations=13 (full 3):
 PSYoungGen      total 279552K, used 27104K [0x00000000eab00000, 0x00000000ff900000, 0x0000000100000000)
  eden space 252416K, 0% used [0x00000000eab00000,0x00000000eab00000,0x00000000fa180000)
  from space 27136K, 99% used [0x00000000fc480000,0x00000000fdef8018,0x00000000fdf00000)
  to   space 35840K, 0% used [0x00000000fa180000,0x00000000fa180000,0x00000000fc480000)
 ParOldGen       total 76800K, used 57356K [0x00000000c0000000, 0x00000000c4b00000, 0x00000000eab00000)
  object space 76800K, 74% used [0x00000000c0000000,0x00000000c3803030,0x00000000c4b00000)
 Metaspace       used 54587K, capacity 58954K, committed 59028K, reserved 1099776K
  class space    used 7660K, capacity 8887K, committed 8960K, reserved 1048576K

