# JRE version: Java(TM) SE Runtime Environment (8.0_161-b12) (build 1.8.0_161-b12)
# Java VM: Java HotSpot(TM) 64-Bit Server VM (25.161-b12 mixed mode linux-amd64 compressed oops)
Heap:
 PSYoungGen      total 216064K, used 0K [0x00000000eab00000, 0x0000000100000000, 0x0000000100000000)
  eden space 163840K, 0% used [0x00000000eab00000,0x00000000eab00000,0x00000000f4b00000)
  from space 52224K, 0% used [0x00000000fcd00000,0x00000000fcd00000,0x0000000100000000)
  to   space 92672K, 0% used [0x00000000f4b00000,0x00000000f4b00000,0x00000000fa580000)
 ParOldGen       total 270848K, used 255873K [0x00000000c0000000, 0x00000000d0880000, 0x00000000eab00000)
  object space 270848K, 94% used [0x00000000c0000000,0x00000000cf9e0418,0x00000000d0880000)
 Metaspace       used 77247K, capacity 82748K, committed 83032K, reserved 1120256K
  class space    used 9970K, capacity 11289K, committed 11392K, reserved 1048576K
GC Heap History (10 events):
Event: 39.328 GC heap after
Heap after GC invocations=24 (full 4):
 PSYoungGen      total 290816K, used 38542K [0x00000000eab00000, 0x0000000100000000, 0x0000000100000000)
  eden space 239616K, 0% used [0x00000000eab00000,0x00000000eab00000,0x00000000f9500000)
  from space 51200K, 75% used [0x00000000fce00000,0x00000000ff3a3b20,0x0000000100000000)
  to   space 54784K, 0% used [0x00000000f9500000,0x00000000f9500000,0x00000000fca80000)
 ParOldGen       total 270848K, used 141649K [0x00000000c0000000, 0x00000000d0880000, 0x00000000eab00000)
  object space 270848K, 52% used [0x00000000c0000000,0x00000000c8a54638,0x00000000d0880000)
 Metaspace       used 72258K, capacity 77656K, committed 77912K, reserved 1116160K
  class space    used 9472K, capacity 10765K, committed 10880K, reserved 1048576K
}
Event: 42.458 GC heap before
{Heap before GC invocations=25 (full 4):
 PSYoungGen      total 290816K, used 278158K [0x00000000eab00000, 0x0000000100000000, 0x0000000100000000)
  eden space 239616K, 100% used [0x00000000eab00000,0x00000000f9500000,0x00000000f9500000)
  from space 51200K, 75% used [0x00000000fce00000,0x00000000ff3a3b20,0x0000000100000000)
  to   space 54784K, 0% used [0x00000000f9500000,0x00000000f9500000,0x00000000fca80000)
 ParOldGen       total 270848K, used 141649K [0x00000000c0000000, 0x00000000d0880000, 0x00000000eab00000)
  object space 270848K, 52% used [0x00000000c0000000,0x00000000c8a54638,0x00000000d0880000)
 Metaspace       used 75518K, capacity 81104K, committed 81368K, reserved 1120256K
  class space    used 9820K, capacity 11149K, committed 11264K, reserved 1048576K
Event: 42.483 GC heap after
Heap after GC invocations=25 (full 4):
 PSYoungGen      total 294400K, used 26802K [0x00000000eab00000, 0x0000000100000000, 0x0000000100000000)
  eden space 239616K, 0% used [0x00000000eab00000,0x00000000eab00000,0x00000000f9500000)
  from space 54784K, 48% used [0x00000000f9500000,0x00000000faf2c9d0,0x00000000fca80000)
  to   space 53248K, 0% used [0x00000000fcc00000,0x00000000fcc00000,0x0000000100000000)
 ParOldGen       total 270848K, used 141657K [0x00000000c0000000, 0x00000000d0880000, 0x00000000eab00000)
  object space 270848K, 52% used [0x00000000c0000000,0x00000000c8a56638,0x00000000d0880000)
 Metaspace       used 75518K, capacity 81104K, committed 81368K, reserved 1120256K
  class space    used 9820K, capacity 11149K, committed 11264K, reserved 1048576K
}
Event: 43.831 GC heap before
{Heap before GC invocations=26 (full 4):
 PSYoungGen      total 294400K, used 266418K [0x00000000eab00000, 0x0000000100000000, 0x0000000100000000)
  eden space 239616K, 100% used [0x00000000eab00000,0x00000000f9500000,0x00000000f9500000)
  from space 54784K, 48% used [0x00000000f9500000,0x00000000faf2c9d0,0x00000000fca80000)
  to   space 53248K, 0% used [0x00000000fcc00000,0x00000000fcc00000,0x0000000100000000)
 ParOldGen       total 270848K, used 141657K [0x00000000c0000000, 0x00000000d0880000, 0x00000000eab00000)
  object space 270848K, 52% used [0x00000000c0000000,0x00000000c8a56638,0x00000000d0880000)
 Metaspace       used 75877K, capacity 81492K, committed 81624K, reserved 1120256K
  class space    used 9820K, capacity 11149K, committed 11264K, reserved 1048576K
Event: 43.857 GC heap after
Heap after GC invocations=26 (full 4):
 PSYoungGen      total 291840K, used 29121K [0x00000000eab00000, 0x00000000ffd80000, 0x0000000100000000)
  eden space 241152K, 0% used [0x00000000eab00000,0x00000000eab00000,0x00000000f9680000)
  from space 50688K, 57% used [0x00000000fcc00000,0x00000000fe8706d0,0x00000000ffd80000)
  to   space 52736K, 0% used [0x00000000f9680000,0x00000000f9680000,0x00000000fca00000)
 ParOldGen       total 270848K, used 141665K [0x00000000c0000000, 0x00000000d0880000, 0x00000000eab00000)
  object space 270848K, 52% used [0x00000000c0000000,0x00000000c8a58638,0x00000000d0880000)
 Metaspace       used 75877K, capacity 81492K, committed 81624K, reserved 1120256K
  class space    used 9820K, capacity 11149K, committed 11264K, reserved 1048576K
}
Event: 46.163 GC heap before
{Heap before GC invocations=27 (full 4):
 PSYoungGen      total 291840K, used 270273K [0x00000000eab00000, 0x00000000ffd80000, 0x0000000100000000)
  eden space 241152K, 100% used [0x00000000eab00000,0x00000000f9680000,0x00000000f9680000)
  from space 50688K, 57% used [0x00000000fcc00000,0x00000000fe8706d0,0x00000000ffd80000)
  to   space 52736K, 0% used [0x00000000f9680000,0x00000000f9680000,0x00000000fca00000)
 ParOldGen       total 270848K, used 141665K [0x00000000c0000000, 0x00000000d0880000, 0x00000000eab00000)
  object space 270848K, 52% used [0x00000000c0000000,0x00000000c8a58638,0x00000000d0880000)
 Metaspace       used 76612K, capacity 82146K, committed 82392K, reserved 1120256K
  class space    used 9877K, capacity 11186K, committed 11264K, reserved 1048576K
Event: 46.195 GC heap after
Heap after GC invocations=27 (full 4):
 PSYoungGen      total 293888K, used 29407K [0x00000000eab00000, 0x0000000100000000, 0x0000000100000000)
  eden space 241152K, 0% used [0x00000000eab00000,0x00000000eab00000,0x00000000f9680000)
  from space 52736K, 55% used [0x00000000f9680000,0x00000000fb337e80,0x00000000fca00000)
  to   space 52224K, 0% used [0x00000000fcd00000,0x00000000fcd00000,0x0000000100000000)
 ParOldGen       total 270848K, used 141673K [0x00000000c0000000, 0x00000000d0880000, 0x00000000eab00000)
  object space 270848K, 52% used [0x00000000c0000000,0x00000000c8a5a638,0x00000000d0880000)
 Metaspace       used 76612K, capacity 82146K, committed 82392K, reserved 1120256K
  class space    used 9877K, capacity 11186K, committed 11264K, reserved 1048576K
}
Event: 47.066 GC heap before
{Heap before GC invocations=28 (full 4):
 PSYoungGen      total 293888K, used 270559K [0x00000000eab00000, 0x0000000100000000, 0x0000000100000000)
  eden space 241152K, 100% used [0x00000000eab00000,0x00000000f9680000,0x00000000f9680000)
  from space 52736K, 55% used [0x00000000f9680000,0x00000000fb337e80,0x00000000fca00000)
  to   space 52224K, 0% used [0x00000000fcd00000,0x00000000fcd00000,0x0000000100000000)
 ParOldGen       total 270848K, used 141673K [0x00000000c0000000, 0x00000000d0880000, 0x00000000eab00000)
  object space 270848K, 52% used [0x00000000c0000000,0x00000000c8a5a638,0x00000000d0880000)
 Metaspace       used 77286K, capacity 82850K, committed 83032K, reserved 1120256K
  class space    used 9984K, capacity 11314K, committed 11392K, reserved 1048576K
Event: 47.280 GC heap after
Heap after GC invocations=28 (full 4):
 PSYoungGen      total 216064K, used 52201K [0x00000000eab00000, 0x0000000100000000, 0x0000000100000000)
  eden space 163840K, 0% used [0x00000000eab00000,0x00000000eab00000,0x00000000f4b00000)
  from space 52224K, 99% used [0x00000000fcd00000,0x00000000ffffa680,0x0000000100000000)
  to   space 92672K, 0% used [0x00000000f4b00000,0x00000000f4b00000,0x00000000fa580000)
 ParOldGen       total 270848K, used 230033K [0x00000000c0000000, 0x00000000d0880000, 0x00000000eab00000)
  object space 270848K, 84% used [0x00000000c0000000,0x00000000ce0a4598,0x00000000d0880000)
 Metaspace       used 77286K, capacity 82850K, committed 83032K, reserved 1120256K
  class space    used 9984K, capacity 11314K, committed 11392K, reserved 1048576K
}
Event: 47.282 GC heap before
{Heap before GC invocations=29 (full 5):
 PSYoungGen      total 216064K, used 52201K [0x00000000eab00000, 0x0000000100000000, 0x0000000100000000)
  eden space 163840K, 0% used [0x00000000eab00000,0x00000000eab00000,0x00000000f4b00000)
  from space 52224K, 99% used [0x00000000fcd00000,0x00000000ffffa680,0x0000000100000000)
  to   space 92672K, 0% used [0x00000000f4b00000,0x00000000f4b00000,0x00000000fa580000)
 ParOldGen       total 270848K, used 230033K [0x00000000c0000000, 0x00000000d0880000, 0x00000000eab00000)
  object space 270848K, 84% used [0x00000000c0000000,0x00000000ce0a4598,0x00000000d0880000)
 Metaspace       used 77286K, capacity 82850K, committed 83032K, reserved 1120256K
  class space    used 9984K, capacity 11314K, committed 11392K, reserved 1048576K

