# JRE version: Java(TM) SE Runtime Environment (8.0_171-b11) (build 1.8.0_171-b11)
# Java VM: Java HotSpot(TM) 64-Bit Server VM (25.171-b11 mixed mode linux-amd64 compressed oops)
Heap:
 PSYoungGen      total 440320K, used 15776K [0x0000000760000000, 0x0000000780400000, 0x00000007c0000000)
  eden space 402944K, 0% used [0x0000000760000000,0x0000000760000000,0x0000000778980000)
  from space 37376K, 42% used [0x0000000778980000,0x00000007798e82a0,0x000000077ae00000)
  to   space 35328K, 0% used [0x000000077e180000,0x000000077e180000,0x0000000780400000)
 ParOldGen       total 168448K, used 141452K [0x00000006a0000000, 0x00000006aa480000, 0x0000000760000000)
  object space 168448K, 83% used [0x00000006a0000000,0x00000006a8a23360,0x00000006aa480000)
 Metaspace       used 72481K, capacity 78802K, committed 79000K, reserved 1116160K
  class space    used 9745K, capacity 11361K, committed 11416K, reserved 1048576K
GC Heap History (10 events):
Event: 16.599 GC heap after
Heap after GC invocations=16 (full 3):
 PSYoungGen      total 288768K, used 15649K [0x0000000760000000, 0x0000000778b00000, 0x00000007c0000000)
  eden space 253952K, 0% used [0x0000000760000000,0x0000000760000000,0x000000076f800000)
  from space 34816K, 44% used [0x000000076f800000,0x0000000770748430,0x0000000771a00000)
  to   space 33792K, 0% used [0x0000000776a00000,0x0000000776a00000,0x0000000778b00000)
 ParOldGen       total 168448K, used 86880K [0x00000006a0000000, 0x00000006aa480000, 0x0000000760000000)
  object space 168448K, 51% used [0x00000006a0000000,0x00000006a54d80b0,0x00000006aa480000)
 Metaspace       used 64879K, capacity 70294K, committed 70424K, reserved 1110016K
  class space    used 9017K, capacity 10467K, committed 10520K, reserved 1048576K
}
Event: 18.820 GC heap before
{Heap before GC invocations=17 (full 3):
 PSYoungGen      total 288768K, used 269601K [0x0000000760000000, 0x0000000778b00000, 0x00000007c0000000)
  eden space 253952K, 100% used [0x0000000760000000,0x000000076f800000,0x000000076f800000)
  from space 34816K, 44% used [0x000000076f800000,0x0000000770748430,0x0000000771a00000)
  to   space 33792K, 0% used [0x0000000776a00000,0x0000000776a00000,0x0000000778b00000)
 ParOldGen       total 168448K, used 86880K [0x00000006a0000000, 0x00000006aa480000, 0x0000000760000000)
  object space 168448K, 51% used [0x00000006a0000000,0x00000006a54d80b0,0x00000006aa480000)
 Metaspace       used 65871K, capacity 71614K, committed 71832K, reserved 1110016K
  class space    used 9153K, capacity 10637K, committed 10648K, reserved 1048576K
Event: 18.845 GC heap after
Heap after GC invocations=17 (full 3):
 PSYoungGen      total 350208K, used 12472K [0x0000000760000000, 0x0000000777f00000, 0x00000007c0000000)
  eden space 328704K, 0% used [0x0000000760000000,0x0000000760000000,0x0000000774100000)
  from space 21504K, 58% used [0x0000000776a00000,0x000000077762e3e0,0x0000000777f00000)
  to   space 31744K, 0% used [0x0000000774100000,0x0000000774100000,0x0000000776000000)
 ParOldGen       total 168448K, used 95040K [0x00000006a0000000, 0x00000006aa480000, 0x0000000760000000)
  object space 168448K, 56% used [0x00000006a0000000,0x00000006a5cd0190,0x00000006aa480000)
 Metaspace       used 65871K, capacity 71614K, committed 71832K, reserved 1110016K
  class space    used 9153K, capacity 10637K, committed 10648K, reserved 1048576K
}
Event: 20.580 GC heap before
{Heap before GC invocations=18 (full 3):
 PSYoungGen      total 350208K, used 341141K [0x0000000760000000, 0x0000000777f00000, 0x00000007c0000000)
  eden space 328704K, 99% used [0x0000000760000000,0x00000007740f72f8,0x0000000774100000)
  from space 21504K, 58% used [0x0000000776a00000,0x000000077762e3e0,0x0000000777f00000)
  to   space 31744K, 0% used [0x0000000774100000,0x0000000774100000,0x0000000776000000)
 ParOldGen       total 168448K, used 95180K [0x00000006a0000000, 0x00000006aa480000, 0x0000000760000000)
  object space 168448K, 56% used [0x00000006a0000000,0x00000006a5cf33e0,0x00000006aa480000)
 Metaspace       used 67275K, capacity 73108K, committed 73368K, reserved 1112064K
  class space    used 9327K, capacity 10790K, committed 10904K, reserved 1048576K
Event: 20.598 GC heap after
Heap after GC invocations=18 (full 3):
 PSYoungGen      total 360448K, used 8064K [0x0000000760000000, 0x000000077d280000, 0x00000007c0000000)
  eden space 328704K, 0% used [0x0000000760000000,0x0000000760000000,0x0000000774100000)
  from space 31744K, 25% used [0x0000000774100000,0x00000007748e0008,0x0000000776000000)
  to   space 31232K, 0% used [0x000000077b400000,0x000000077b400000,0x000000077d280000)
 ParOldGen       total 168448K, used 106773K [0x00000006a0000000, 0x00000006aa480000, 0x0000000760000000)
  object space 168448K, 63% used [0x00000006a0000000,0x00000006a68455f0,0x00000006aa480000)
 Metaspace       used 67275K, capacity 73108K, committed 73368K, reserved 1112064K
  class space    used 9327K, capacity 10790K, committed 10904K, reserved 1048576K
}
Event: 2799.965 GC heap before
{Heap before GC invocations=19 (full 3):
 PSYoungGen      total 360448K, used 336768K [0x0000000760000000, 0x000000077d280000, 0x00000007c0000000)
  eden space 328704K, 100% used [0x0000000760000000,0x0000000774100000,0x0000000774100000)
  from space 31744K, 25% used [0x0000000774100000,0x00000007748e0008,0x0000000776000000)
  to   space 31232K, 0% used [0x000000077b400000,0x000000077b400000,0x000000077d280000)
 ParOldGen       total 168448K, used 106776K [0x00000006a0000000, 0x00000006aa480000, 0x0000000760000000)
  object space 168448K, 63% used [0x00000006a0000000,0x00000006a6846008,0x00000006aa480000)
 Metaspace       used 72045K, capacity 78304K, committed 78488K, reserved 1116160K
  class space    used 9741K, capacity 11354K, committed 11416K, reserved 1048576K
Event: 2800.010 GC heap after
Heap after GC invocations=19 (full 3):
 PSYoungGen      total 433152K, used 31217K [0x0000000760000000, 0x000000077d280000, 0x00000007c0000000)
  eden space 401920K, 0% used [0x0000000760000000,0x0000000760000000,0x0000000778880000)
  from space 31232K, 99% used [0x000000077b400000,0x000000077d27c560,0x000000077d280000)
  to   space 37376K, 0% used [0x0000000778980000,0x0000000778980000,0x000000077ae00000)
 ParOldGen       total 168448K, used 110381K [0x00000006a0000000, 0x00000006aa480000, 0x0000000760000000)
  object space 168448K, 65% used [0x00000006a0000000,0x00000006a6bcb758,0x00000006aa480000)
 Metaspace       used 72045K, capacity 78304K, committed 78488K, reserved 1116160K
  class space    used 9741K, capacity 11354K, committed 11416K, reserved 1048576K
}
Event: 2805.607 GC heap before
{Heap before GC invocations=20 (full 3):
 PSYoungGen      total 433152K, used 433137K [0x0000000760000000, 0x000000077d280000, 0x00000007c0000000)
  eden space 401920K, 100% used [0x0000000760000000,0x0000000778880000,0x0000000778880000)
  from space 31232K, 99% used [0x000000077b400000,0x000000077d27c560,0x000000077d280000)
  to   space 37376K, 0% used [0x0000000778980000,0x0000000778980000,0x000000077ae00000)
 ParOldGen       total 168448K, used 110381K [0x00000006a0000000, 0x00000006aa480000, 0x0000000760000000)
  object space 168448K, 65% used [0x00000006a0000000,0x00000006a6bcb758,0x00000006aa480000)
 Metaspace       used 72481K, capacity 78802K, committed 79000K, reserved 1116160K
  class space    used 9745K, capacity 11361K, committed 11416K, reserved 1048576K
Event: 2805.689 GC heap after
Heap after GC invocations=20 (full 3):
 PSYoungGen      total 440320K, used 15776K [0x0000000760000000, 0x0000000780400000, 0x00000007c0000000)
  eden space 402944K, 0% used [0x0000000760000000,0x0000000760000000,0x0000000778980000)
  from space 37376K, 42% used [0x0000000778980000,0x00000007798e82a0,0x000000077ae00000)
  to   space 35328K, 0% used [0x000000077e180000,0x000000077e180000,0x0000000780400000)
 ParOldGen       total 168448K, used 141452K [0x00000006a0000000, 0x00000006aa480000, 0x0000000760000000)
  object space 168448K, 83% used [0x00000006a0000000,0x00000006a8a23360,0x00000006aa480000)
 Metaspace       used 72481K, capacity 78802K, committed 79000K, reserved 1116160K
  class space    used 9745K, capacity 11361K, committed 11416K, reserved 1048576K
}
Event: 2805.689 GC heap before
{Heap before GC invocations=21 (full 4):
 PSYoungGen      total 440320K, used 15776K [0x0000000760000000, 0x0000000780400000, 0x00000007c0000000)
  eden space 402944K, 0% used [0x0000000760000000,0x0000000760000000,0x0000000778980000)
  from space 37376K, 42% used [0x0000000778980000,0x00000007798e82a0,0x000000077ae00000)
  to   space 35328K, 0% used [0x000000077e180000,0x000000077e180000,0x0000000780400000)
 ParOldGen       total 168448K, used 141452K [0x00000006a0000000, 0x00000006aa480000, 0x0000000760000000)
  object space 168448K, 83% used [0x00000006a0000000,0x00000006a8a23360,0x00000006aa480000)
 Metaspace       used 72481K, capacity 78802K, committed 79000K, reserved 1116160K
  class space    used 9745K, capacity 11361K, committed 11416K, reserved 1048576K

