# JRE version: Java(TM) SE Runtime Environment (8.0_181-b13) (build 1.8.0_181-b13)
# Java VM: Java HotSpot(TM) 64-Bit Server VM (25.181-b13 mixed mode linux-amd64 compressed oops)
Heap:
 PSYoungGen      total 1308672K, used 0K [0x0000000760000000, 0x00000007c0000000, 0x00000007c0000000)
  eden space 1100288K, 0% used [0x0000000760000000,0x0000000760000000,0x00000007a3280000)
  from space 208384K, 0% used [0x00000007b1780000,0x00000007b1780000,0x00000007be300000)
  to   space 234496K, 0% used [0x00000007a3280000,0x00000007a3280000,0x00000007b1780000)
 ParOldGen       total 480768K, used 316948K [0x00000006a0000000, 0x00000006bd580000, 0x0000000760000000)
  object space 480768K, 65% used [0x00000006a0000000,0x00000006b3585198,0x00000006bd580000)
 Metaspace       used 96448K, capacity 106185K, committed 106928K, reserved 1142784K
  class space    used 12121K, capacity 14286K, committed 14512K, reserved 1048576K
GC Heap History (10 events):
Event: 23894.584 GC heap after
Heap after GC invocations=132 (full 10):
 PSYoungGen      total 1341440K, used 104446K [0x0000000760000000, 0x00000007bfd00000, 0x00000007c0000000)
  eden space 1111040K, 0% used [0x0000000760000000,0x0000000760000000,0x00000007a3d00000)
  from space 230400K, 45% used [0x00000007b1c00000,0x00000007b81ffb58,0x00000007bfd00000)
  to   space 228352K, 0% used [0x00000007a3d00000,0x00000007a3d00000,0x00000007b1c00000)
 ParOldGen       total 480768K, used 293738K [0x00000006a0000000, 0x00000006bd580000, 0x0000000760000000)
  object space 480768K, 61% used [0x00000006a0000000,0x00000006b1edaa08,0x00000006bd580000)
 Metaspace       used 96312K, capacity 105993K, committed 106672K, reserved 1140736K
  class space    used 12121K, capacity 14286K, committed 14512K, reserved 1048576K
}
Event: 23894.710 GC heap before
{Heap before GC invocations=133 (full 10):
 PSYoungGen      total 1341440K, used 1215282K [0x0000000760000000, 0x00000007bfd00000, 0x00000007c0000000)
  eden space 1111040K, 99% used [0x0000000760000000,0x00000007a3ccce80,0x00000007a3d00000)
  from space 230400K, 45% used [0x00000007b1c00000,0x00000007b81ffb58,0x00000007bfd00000)
  to   space 228352K, 0% used [0x00000007a3d00000,0x00000007a3d00000,0x00000007b1c00000)
 ParOldGen       total 480768K, used 293738K [0x00000006a0000000, 0x00000006bd580000, 0x0000000760000000)
  object space 480768K, 61% used [0x00000006a0000000,0x00000006b1edaa08,0x00000006bd580000)
 Metaspace       used 96312K, capacity 105993K, committed 106672K, reserved 1140736K
  class space    used 12121K, capacity 14286K, committed 14512K, reserved 1048576K
Event: 23894.735 GC heap after
Heap after GC invocations=133 (full 10):
 PSYoungGen      total 1339392K, used 7106K [0x0000000760000000, 0x00000007bf800000, 0x00000007c0000000)
  eden space 1111040K, 0% used [0x0000000760000000,0x0000000760000000,0x00000007a3d00000)
  from space 228352K, 3% used [0x00000007a3d00000,0x00000007a43f09c8,0x00000007b1c00000)
  to   space 225280K, 0% used [0x00000007b1c00000,0x00000007b1c00000,0x00000007bf800000)
 ParOldGen       total 480768K, used 358429K [0x00000006a0000000, 0x00000006bd580000, 0x0000000760000000)
  object space 480768K, 74% used [0x00000006a0000000,0x00000006b5e076c8,0x00000006bd580000)
 Metaspace       used 96312K, capacity 105993K, committed 106672K, reserved 1140736K
  class space    used 12121K, capacity 14286K, committed 14512K, reserved 1048576K
}
Event: 23894.846 GC heap before
{Heap before GC invocations=134 (full 10):
 PSYoungGen      total 1339392K, used 1117269K [0x0000000760000000, 0x00000007bf800000, 0x00000007c0000000)
  eden space 1111040K, 99% used [0x0000000760000000,0x00000007a3c24b68,0x00000007a3d00000)
  from space 228352K, 3% used [0x00000007a3d00000,0x00000007a43f09c8,0x00000007b1c00000)
  to   space 225280K, 0% used [0x00000007b1c00000,0x00000007b1c00000,0x00000007bf800000)
 ParOldGen       total 480768K, used 358429K [0x00000006a0000000, 0x00000006bd580000, 0x0000000760000000)
  object space 480768K, 74% used [0x00000006a0000000,0x00000006b5e076c8,0x00000006bd580000)
 Metaspace       used 96312K, capacity 105993K, committed 106672K, reserved 1140736K
  class space    used 12121K, capacity 14286K, committed 14512K, reserved 1048576K
Event: 23894.854 GC heap after
Heap after GC invocations=134 (full 10):
 PSYoungGen      total 1341440K, used 96K [0x0000000760000000, 0x00000007bf700000, 0x00000007c0000000)
  eden space 1117184K, 0% used [0x0000000760000000,0x0000000760000000,0x00000007a4300000)
  from space 224256K, 0% used [0x00000007b1c00000,0x00000007b1c18000,0x00000007bf700000)
  to   space 222208K, 0% used [0x00000007a4300000,0x00000007a4300000,0x00000007b1c00000)
 ParOldGen       total 480768K, used 364260K [0x00000006a0000000, 0x00000006bd580000, 0x0000000760000000)
  object space 480768K, 75% used [0x00000006a0000000,0x00000006b63b9278,0x00000006bd580000)
 Metaspace       used 96312K, capacity 105993K, committed 106672K, reserved 1140736K
  class space    used 12121K, capacity 14286K, committed 14512K, reserved 1048576K
}
Event: 23972.797 GC heap before
{Heap before GC invocations=135 (full 10):
 PSYoungGen      total 1341440K, used 1117280K [0x0000000760000000, 0x00000007bf700000, 0x00000007c0000000)
  eden space 1117184K, 100% used [0x0000000760000000,0x00000007a4300000,0x00000007a4300000)
  from space 224256K, 0% used [0x00000007b1c00000,0x00000007b1c18000,0x00000007bf700000)
  to   space 222208K, 0% used [0x00000007a4300000,0x00000007a4300000,0x00000007b1c00000)
 ParOldGen       total 480768K, used 364260K [0x00000006a0000000, 0x00000006bd580000, 0x0000000760000000)
  object space 480768K, 75% used [0x00000006a0000000,0x00000006b63b9278,0x00000006bd580000)
 Metaspace       used 96353K, capacity 106057K, committed 106928K, reserved 1142784K
  class space    used 12121K, capacity 14286K, committed 14512K, reserved 1048576K
Event: 23972.984 GC heap after
Heap after GC invocations=135 (full 10):
 PSYoungGen      total 1169920K, used 52649K [0x0000000760000000, 0x00000007be300000, 0x00000007c0000000)
  eden space 1117184K, 0% used [0x0000000760000000,0x0000000760000000,0x00000007a4300000)
  from space 52736K, 99% used [0x00000007a4300000,0x00000007a766a480,0x00000007a7680000)
  to   space 208384K, 0% used [0x00000007b1780000,0x00000007b1780000,0x00000007be300000)
 ParOldGen       total 480768K, used 364340K [0x00000006a0000000, 0x00000006bd580000, 0x0000000760000000)
  object space 480768K, 75% used [0x00000006a0000000,0x00000006b63cd278,0x00000006bd580000)
 Metaspace       used 96353K, capacity 106057K, committed 106928K, reserved 1142784K
  class space    used 12121K, capacity 14286K, committed 14512K, reserved 1048576K
}
Event: 23980.475 GC heap before
{Heap before GC invocations=136 (full 10):
 PSYoungGen      total 1169920K, used 1169833K [0x0000000760000000, 0x00000007be300000, 0x00000007c0000000)
  eden space 1117184K, 100% used [0x0000000760000000,0x00000007a4300000,0x00000007a4300000)
  from space 52736K, 99% used [0x00000007a4300000,0x00000007a766a480,0x00000007a7680000)
  to   space 208384K, 0% used [0x00000007b1780000,0x00000007b1780000,0x00000007be300000)
 ParOldGen       total 480768K, used 364340K [0x00000006a0000000, 0x00000006bd580000, 0x0000000760000000)
  object space 480768K, 75% used [0x00000006a0000000,0x00000006b63cd278,0x00000006bd580000)
 Metaspace       used 96448K, capacity 106185K, committed 106928K, reserved 1142784K
  class space    used 12121K, capacity 14286K, committed 14512K, reserved 1048576K
Event: 23980.685 GC heap after
Heap after GC invocations=136 (full 10):
 PSYoungGen      total 1308672K, used 172436K [0x0000000760000000, 0x00000007c0000000, 0x00000007c0000000)
  eden space 1100288K, 0% used [0x0000000760000000,0x0000000760000000,0x00000007a3280000)
  from space 208384K, 82% used [0x00000007b1780000,0x00000007bbfe52c0,0x00000007be300000)
  to   space 234496K, 0% used [0x00000007a3280000,0x00000007a3280000,0x00000007b1780000)
 ParOldGen       total 480768K, used 415715K [0x00000006a0000000, 0x00000006bd580000, 0x0000000760000000)
  object space 480768K, 86% used [0x00000006a0000000,0x00000006b95f8d18,0x00000006bd580000)
 Metaspace       used 96448K, capacity 106185K, committed 106928K, reserved 1142784K
  class space    used 12121K, capacity 14286K, committed 14512K, reserved 1048576K
}
Event: 23980.686 GC heap before
{Heap before GC invocations=137 (full 11):
 PSYoungGen      total 1308672K, used 172436K [0x0000000760000000, 0x00000007c0000000, 0x00000007c0000000)
  eden space 1100288K, 0% used [0x0000000760000000,0x0000000760000000,0x00000007a3280000)
  from space 208384K, 82% used [0x00000007b1780000,0x00000007bbfe52c0,0x00000007be300000)
  to   space 234496K, 0% used [0x00000007a3280000,0x00000007a3280000,0x00000007b1780000)
 ParOldGen       total 480768K, used 415715K [0x00000006a0000000, 0x00000006bd580000, 0x0000000760000000)
  object space 480768K, 86% used [0x00000006a0000000,0x00000006b95f8d18,0x00000006bd580000)
 Metaspace       used 96448K, capacity 106185K, committed 106928K, reserved 1142784K
  class space    used 12121K, capacity 14286K, committed 14512K, reserved 1048576K

