# JRE version: OpenJDK Runtime Environment (8.0_152-b01) (build 1.8.0_152-release-915-b01)
# Java VM: OpenJDK 64-Bit Server VM (25.152-b01 mixed mode linux-amd64 compressed oops)
Heap:
 PSYoungGen      total 1092608K, used 131636K [0x000000076ab00000, 0x00000007c0000000, 0x00000007c0000000)
  eden space 814080K, 0% used [0x000000076ab00000,0x000000076ab00000,0x000000079c600000)
  from space 278528K, 47% used [0x000000079c600000,0x00000007a468d238,0x00000007ad600000)
  to   space 305152K, 0% used [0x00000007ad600000,0x00000007ad600000,0x00000007c0000000)
 ParOldGen       total 742400K, used 742142K [0x00000006c0000000, 0x00000006ed500000, 0x000000076ab00000)
  object space 742400K, 99% used [0x00000006c0000000,0x00000006ed4bfbf0,0x00000006ed500000)
 Metaspace       used 6951K, capacity 7638K, committed 7936K, reserved 1056768K
  class space    used 623K, capacity 654K, committed 768K, reserved 1048576K
GC Heap History (10 events):
Event: 38.247 GC heap after
Heap after GC invocations=17 (full 3):
 PSYoungGen      total 921088K, used 142404K [0x000000076ab00000, 0x00000007b1900000, 0x00000007c0000000)
  eden space 731136K, 0% used [0x000000076ab00000,0x000000076ab00000,0x0000000797500000)
  from space 189952K, 74% used [0x00000007a3d80000,0x00000007ac891258,0x00000007af700000)
  to   space 205312K, 0% used [0x0000000797500000,0x0000000797500000,0x00000007a3d80000)
 ParOldGen       total 473600K, used 446269K [0x00000006c0000000, 0x00000006dce80000, 0x000000076ab00000)
  object space 473600K, 94% used [0x00000006c0000000,0x00000006db3cf750,0x00000006dce80000)
 Metaspace       used 6594K, capacity 7344K, committed 7552K, reserved 1056768K
  class space    used 603K, capacity 616K, committed 640K, reserved 1048576K
}
Event: 38.247 GC heap before
{Heap before GC invocations=18 (full 4):
 PSYoungGen      total 921088K, used 142404K [0x000000076ab00000, 0x00000007b1900000, 0x00000007c0000000)
  eden space 731136K, 0% used [0x000000076ab00000,0x000000076ab00000,0x0000000797500000)
  from space 189952K, 74% used [0x00000007a3d80000,0x00000007ac891258,0x00000007af700000)
  to   space 205312K, 0% used [0x0000000797500000,0x0000000797500000,0x00000007a3d80000)
 ParOldGen       total 473600K, used 446269K [0x00000006c0000000, 0x00000006dce80000, 0x000000076ab00000)
  object space 473600K, 94% used [0x00000006c0000000,0x00000006db3cf750,0x00000006dce80000)
 Metaspace       used 6594K, capacity 7344K, committed 7552K, reserved 1056768K
  class space    used 603K, capacity 616K, committed 640K, reserved 1048576K
Event: 41.980 GC heap after
Heap after GC invocations=18 (full 4):
 PSYoungGen      total 921088K, used 111978K [0x000000076ab00000, 0x00000007b1900000, 0x00000007c0000000)
  eden space 731136K, 0% used [0x000000076ab00000,0x000000076ab00000,0x0000000797500000)
  from space 189952K, 58% used [0x00000007a3d80000,0x00000007aaada8b0,0x00000007af700000)
  to   space 205312K, 0% used [0x0000000797500000,0x0000000797500000,0x00000007a3d80000)
 ParOldGen       total 742400K, used 473222K [0x00000006c0000000, 0x00000006ed500000, 0x000000076ab00000)
  object space 742400K, 63% used [0x00000006c0000000,0x00000006dce21ba0,0x00000006ed500000)
 Metaspace       used 6594K, capacity 7344K, committed 7552K, reserved 1056768K
  class space    used 603K, capacity 616K, committed 640K, reserved 1048576K
}
Event: 45.225 GC heap before
{Heap before GC invocations=19 (full 4):
 PSYoungGen      total 921088K, used 843114K [0x000000076ab00000, 0x00000007b1900000, 0x00000007c0000000)
  eden space 731136K, 100% used [0x000000076ab00000,0x0000000797500000,0x0000000797500000)
  from space 189952K, 58% used [0x00000007a3d80000,0x00000007aaada8b0,0x00000007af700000)
  to   space 205312K, 0% used [0x0000000797500000,0x0000000797500000,0x00000007a3d80000)
 ParOldGen       total 742400K, used 473222K [0x00000006c0000000, 0x00000006ed500000, 0x000000076ab00000)
  object space 742400K, 63% used [0x00000006c0000000,0x00000006dce21ba0,0x00000006ed500000)
 Metaspace       used 6599K, capacity 7344K, committed 7552K, reserved 1056768K
  class space    used 603K, capacity 616K, committed 640K, reserved 1048576K
Event: 45.727 GC heap after
Heap after GC invocations=19 (full 4):
 PSYoungGen      total 936448K, used 205296K [0x000000076ab00000, 0x00000007bc680000, 0x00000007c0000000)
  eden space 731136K, 0% used [0x000000076ab00000,0x000000076ab00000,0x0000000797500000)
  from space 205312K, 99% used [0x0000000797500000,0x00000007a3d7c3b8,0x00000007a3d80000)
  to   space 246272K, 0% used [0x00000007ad600000,0x00000007ad600000,0x00000007bc680000)
 ParOldGen       total 742400K, used 488019K [0x00000006c0000000, 0x00000006ed500000, 0x000000076ab00000)
  object space 742400K, 65% used [0x00000006c0000000,0x00000006ddc94c28,0x00000006ed500000)
 Metaspace       used 6599K, capacity 7344K, committed 7552K, reserved 1056768K
  class space    used 603K, capacity 616K, committed 640K, reserved 1048576K
}
Event: 49.362 GC heap before
{Heap before GC invocations=20 (full 4):
 PSYoungGen      total 936448K, used 936432K [0x000000076ab00000, 0x00000007bc680000, 0x00000007c0000000)
  eden space 731136K, 100% used [0x000000076ab00000,0x0000000797500000,0x0000000797500000)
  from space 205312K, 99% used [0x0000000797500000,0x00000007a3d7c3b8,0x00000007a3d80000)
  to   space 246272K, 0% used [0x00000007ad600000,0x00000007ad600000,0x00000007bc680000)
 ParOldGen       total 742400K, used 488019K [0x00000006c0000000, 0x00000006ed500000, 0x000000076ab00000)
  object space 742400K, 65% used [0x00000006c0000000,0x00000006ddc94c28,0x00000006ed500000)
 Metaspace       used 6710K, capacity 7412K, committed 7552K, reserved 1056768K
  class space    used 610K, capacity 620K, committed 640K, reserved 1048576K
Event: 50.037 GC heap after
Heap after GC invocations=20 (full 4):
 PSYoungGen      total 1060352K, used 219151K [0x000000076ab00000, 0x00000007c0000000, 0x00000007c0000000)
  eden space 814080K, 0% used [0x000000076ab00000,0x000000076ab00000,0x000000079c600000)
  from space 246272K, 88% used [0x00000007ad600000,0x00000007bac03f68,0x00000007bc680000)
  to   space 278528K, 0% used [0x000000079c600000,0x000000079c600000,0x00000007ad600000)
 ParOldGen       total 742400K, used 589186K [0x00000006c0000000, 0x00000006ed500000, 0x000000076ab00000)
  object space 742400K, 79% used [0x00000006c0000000,0x00000006e3f60be0,0x00000006ed500000)
 Metaspace       used 6710K, capacity 7412K, committed 7552K, reserved 1056768K
  class space    used 610K, capacity 620K, committed 640K, reserved 1048576K
}
Event: 53.512 GC heap before
{Heap before GC invocations=21 (full 4):
 PSYoungGen      total 1060352K, used 1033231K [0x000000076ab00000, 0x00000007c0000000, 0x00000007c0000000)
  eden space 814080K, 100% used [0x000000076ab00000,0x000000079c600000,0x000000079c600000)
  from space 246272K, 88% used [0x00000007ad600000,0x00000007bac03f68,0x00000007bc680000)
  to   space 278528K, 0% used [0x000000079c600000,0x000000079c600000,0x00000007ad600000)
 ParOldGen       total 742400K, used 589186K [0x00000006c0000000, 0x00000006ed500000, 0x000000076ab00000)
  object space 742400K, 79% used [0x00000006c0000000,0x00000006e3f60be0,0x00000006ed500000)
 Metaspace       used 6951K, capacity 7638K, committed 7936K, reserved 1056768K
  class space    used 623K, capacity 654K, committed 768K, reserved 1048576K
Event: 54.050 GC heap after
Heap after GC invocations=21 (full 4):
 PSYoungGen      total 1092608K, used 278518K [0x000000076ab00000, 0x00000007c0000000, 0x00000007c0000000)
  eden space 814080K, 0% used [0x000000076ab00000,0x000000076ab00000,0x000000079c600000)
  from space 278528K, 99% used [0x000000079c600000,0x00000007ad5fd9f8,0x00000007ad600000)
  to   space 305152K, 0% used [0x00000007ad600000,0x00000007ad600000,0x00000007c0000000)
 ParOldGen       total 742400K, used 659698K [0x00000006c0000000, 0x00000006ed500000, 0x000000076ab00000)
  object space 742400K, 88% used [0x00000006c0000000,0x00000006e843c800,0x00000006ed500000)
 Metaspace       used 6951K, capacity 7638K, committed 7936K, reserved 1056768K
  class space    used 623K, capacity 654K, committed 768K, reserved 1048576K
}
Event: 54.050 GC heap before
{Heap before GC invocations=22 (full 5):
 PSYoungGen      total 1092608K, used 278518K [0x000000076ab00000, 0x00000007c0000000, 0x00000007c0000000)
  eden space 814080K, 0% used [0x000000076ab00000,0x000000076ab00000,0x000000079c600000)
  from space 278528K, 99% used [0x000000079c600000,0x00000007ad5fd9f8,0x00000007ad600000)
  to   space 305152K, 0% used [0x00000007ad600000,0x00000007ad600000,0x00000007c0000000)
 ParOldGen       total 742400K, used 659698K [0x00000006c0000000, 0x00000006ed500000, 0x000000076ab00000)
  object space 742400K, 88% used [0x00000006c0000000,0x00000006e843c800,0x00000006ed500000)
 Metaspace       used 6951K, capacity 7638K, committed 7936K, reserved 1056768K
  class space    used 623K, capacity 654K, committed 768K, reserved 1048576K

