# JRE version: Java(TM) SE Runtime Environment (8.0_161-b12) (build 1.8.0_161-b12)
# Java VM: Java HotSpot(TM) 64-Bit Server VM (25.161-b12 mixed mode linux-amd64 compressed oops)
Heap:
 PSYoungGen      total 957440K, used 123248K [0x000000076ab00000, 0x00000007b5a80000, 0x00000007c0000000)
  eden space 761856K, 0% used [0x000000076ab00000,0x000000076ab00000,0x0000000799300000)
  from space 195584K, 63% used [0x00000007a6400000,0x00000007adc5c310,0x00000007b2300000)
  to   space 214016K, 0% used [0x0000000799300000,0x0000000799300000,0x00000007a6400000)
 ParOldGen       total 474624K, used 474413K [0x00000006c0000000, 0x00000006dcf80000, 0x000000076ab00000)
  object space 474624K, 99% used [0x00000006c0000000,0x00000006dcf4b458,0x00000006dcf80000)
 Metaspace       used 6716K, capacity 7384K, committed 7680K, reserved 1056768K
  class space    used 631K, capacity 656K, committed 768K, reserved 1048576K
GC Heap History (10 events):
Event: 12.168 GC heap after
Heap after GC invocations=13 (full 2):
 PSYoungGen      total 692736K, used 78993K [0x000000076ab00000, 0x00000007a4b00000, 0x00000007c0000000)
  eden space 570368K, 0% used [0x000000076ab00000,0x000000076ab00000,0x000000078d800000)
  from space 122368K, 64% used [0x000000078d800000,0x00000007925247a0,0x0000000794f80000)
  to   space 128000K, 0% used [0x000000079ce00000,0x000000079ce00000,0x00000007a4b00000)
 ParOldGen       total 290304K, used 242562K [0x00000006c0000000, 0x00000006d1b80000, 0x000000076ab00000)
  object space 290304K, 83% used [0x00000006c0000000,0x00000006cece0a70,0x00000006d1b80000)
 Metaspace       used 6703K, capacity 7384K, committed 7680K, reserved 1056768K
  class space    used 631K, capacity 656K, committed 768K, reserved 1048576K
}
Event: 12.168 GC heap before
{Heap before GC invocations=14 (full 3):
 PSYoungGen      total 692736K, used 78993K [0x000000076ab00000, 0x00000007a4b00000, 0x00000007c0000000)
  eden space 570368K, 0% used [0x000000076ab00000,0x000000076ab00000,0x000000078d800000)
  from space 122368K, 64% used [0x000000078d800000,0x00000007925247a0,0x0000000794f80000)
  to   space 128000K, 0% used [0x000000079ce00000,0x000000079ce00000,0x00000007a4b00000)
 ParOldGen       total 290304K, used 242562K [0x00000006c0000000, 0x00000006d1b80000, 0x000000076ab00000)
  object space 290304K, 83% used [0x00000006c0000000,0x00000006cece0a70,0x00000006d1b80000)
 Metaspace       used 6703K, capacity 7384K, committed 7680K, reserved 1056768K
  class space    used 631K, capacity 656K, committed 768K, reserved 1048576K
Event: 13.365 GC heap after
Heap after GC invocations=14 (full 3):
 PSYoungGen      total 692736K, used 27998K [0x000000076ab00000, 0x00000007a4b00000, 0x00000007c0000000)
  eden space 570368K, 0% used [0x000000076ab00000,0x000000076ab00000,0x000000078d800000)
  from space 122368K, 22% used [0x000000078d800000,0x000000078f357a50,0x0000000794f80000)
  to   space 128000K, 0% used [0x000000079ce00000,0x000000079ce00000,0x00000007a4b00000)
 ParOldGen       total 474624K, used 290173K [0x00000006c0000000, 0x00000006dcf80000, 0x000000076ab00000)
  object space 474624K, 61% used [0x00000006c0000000,0x00000006d1b5f408,0x00000006dcf80000)
 Metaspace       used 6703K, capacity 7384K, committed 7680K, reserved 1056768K
  class space    used 631K, capacity 656K, committed 768K, reserved 1048576K
}
Event: 15.018 GC heap before
{Heap before GC invocations=15 (full 3):
 PSYoungGen      total 692736K, used 598366K [0x000000076ab00000, 0x00000007a4b00000, 0x00000007c0000000)
  eden space 570368K, 100% used [0x000000076ab00000,0x000000078d800000,0x000000078d800000)
  from space 122368K, 22% used [0x000000078d800000,0x000000078f357a50,0x0000000794f80000)
  to   space 128000K, 0% used [0x000000079ce00000,0x000000079ce00000,0x00000007a4b00000)
 ParOldGen       total 474624K, used 290173K [0x00000006c0000000, 0x00000006dcf80000, 0x000000076ab00000)
  object space 474624K, 61% used [0x00000006c0000000,0x00000006d1b5f408,0x00000006dcf80000)
 Metaspace       used 6707K, capacity 7384K, committed 7680K, reserved 1056768K
  class space    used 631K, capacity 656K, committed 768K, reserved 1048576K
Event: 15.258 GC heap after
Heap after GC invocations=15 (full 3):
 PSYoungGen      total 793088K, used 113120K [0x000000076ab00000, 0x00000007a4f80000, 0x00000007c0000000)
  eden space 665088K, 0% used [0x000000076ab00000,0x000000076ab00000,0x0000000793480000)
  from space 128000K, 88% used [0x000000079ce00000,0x00000007a3c78190,0x00000007a4b00000)
  to   space 144896K, 0% used [0x0000000793480000,0x0000000793480000,0x000000079c200000)
 ParOldGen       total 474624K, used 290173K [0x00000006c0000000, 0x00000006dcf80000, 0x000000076ab00000)
  object space 474624K, 61% used [0x00000006c0000000,0x00000006d1b5f408,0x00000006dcf80000)
 Metaspace       used 6707K, capacity 7384K, committed 7680K, reserved 1056768K
  class space    used 631K, capacity 656K, committed 768K, reserved 1048576K
}
Event: 17.249 GC heap before
{Heap before GC invocations=16 (full 3):
 PSYoungGen      total 793088K, used 778208K [0x000000076ab00000, 0x00000007a4f80000, 0x00000007c0000000)
  eden space 665088K, 100% used [0x000000076ab00000,0x0000000793480000,0x0000000793480000)
  from space 128000K, 88% used [0x000000079ce00000,0x00000007a3c78190,0x00000007a4b00000)
  to   space 144896K, 0% used [0x0000000793480000,0x0000000793480000,0x000000079c200000)
 ParOldGen       total 474624K, used 290173K [0x00000006c0000000, 0x00000006dcf80000, 0x000000076ab00000)
  object space 474624K, 61% used [0x00000006c0000000,0x00000006d1b5f408,0x00000006dcf80000)
 Metaspace       used 6708K, capacity 7384K, committed 7680K, reserved 1056768K
  class space    used 631K, capacity 656K, committed 768K, reserved 1048576K
Event: 17.506 GC heap after
Heap after GC invocations=16 (full 3):
 PSYoungGen      total 809984K, used 144867K [0x000000076ab00000, 0x00000007b2300000, 0x00000007c0000000)
  eden space 665088K, 0% used [0x000000076ab00000,0x000000076ab00000,0x0000000793480000)
  from space 144896K, 99% used [0x0000000793480000,0x000000079c1f8f10,0x000000079c200000)
  to   space 195584K, 0% used [0x00000007a6400000,0x00000007a6400000,0x00000007b2300000)
 ParOldGen       total 474624K, used 360153K [0x00000006c0000000, 0x00000006dcf80000, 0x000000076ab00000)
  object space 474624K, 75% used [0x00000006c0000000,0x00000006d5fb64d0,0x00000006dcf80000)
 Metaspace       used 6708K, capacity 7384K, committed 7680K, reserved 1056768K
  class space    used 631K, capacity 656K, committed 768K, reserved 1048576K
}
Event: 19.345 GC heap before
{Heap before GC invocations=17 (full 3):
 PSYoungGen      total 809984K, used 809955K [0x000000076ab00000, 0x00000007b2300000, 0x00000007c0000000)
  eden space 665088K, 100% used [0x000000076ab00000,0x0000000793480000,0x0000000793480000)
  from space 144896K, 99% used [0x0000000793480000,0x000000079c1f8f10,0x000000079c200000)
  to   space 195584K, 0% used [0x00000007a6400000,0x00000007a6400000,0x00000007b2300000)
 ParOldGen       total 474624K, used 360153K [0x00000006c0000000, 0x00000006dcf80000, 0x000000076ab00000)
  object space 474624K, 75% used [0x00000006c0000000,0x00000006d5fb64d0,0x00000006dcf80000)
 Metaspace       used 6716K, capacity 7384K, committed 7680K, reserved 1056768K
  class space    used 631K, capacity 656K, committed 768K, reserved 1048576K
Event: 19.797 GC heap after
Heap after GC invocations=17 (full 3):
 PSYoungGen      total 957440K, used 152883K [0x000000076ab00000, 0x00000007b5a80000, 0x00000007c0000000)
  eden space 761856K, 0% used [0x000000076ab00000,0x000000076ab00000,0x0000000799300000)
  from space 195584K, 78% used [0x00000007a6400000,0x00000007af94cf80,0x00000007b2300000)
  to   space 214016K, 0% used [0x0000000799300000,0x0000000799300000,0x00000007a6400000)
 ParOldGen       total 474624K, used 456477K [0x00000006c0000000, 0x00000006dcf80000, 0x000000076ab00000)
  object space 474624K, 96% used [0x00000006c0000000,0x00000006dbdc7720,0x00000006dcf80000)
 Metaspace       used 6716K, capacity 7384K, committed 7680K, reserved 1056768K
  class space    used 631K, capacity 656K, committed 768K, reserved 1048576K
}
Event: 19.832 GC heap before
{Heap before GC invocations=18 (full 4):
 PSYoungGen      total 957440K, used 152883K [0x000000076ab00000, 0x00000007b5a80000, 0x00000007c0000000)
  eden space 761856K, 0% used [0x000000076ab00000,0x000000076ab00000,0x0000000799300000)
  from space 195584K, 78% used [0x00000007a6400000,0x00000007af94cf80,0x00000007b2300000)
  to   space 214016K, 0% used [0x0000000799300000,0x0000000799300000,0x00000007a6400000)
 ParOldGen       total 474624K, used 456477K [0x00000006c0000000, 0x00000006dcf80000, 0x000000076ab00000)
  object space 474624K, 96% used [0x00000006c0000000,0x00000006dbdc7720,0x00000006dcf80000)
 Metaspace       used 6716K, capacity 7384K, committed 7680K, reserved 1056768K
  class space    used 631K, capacity 656K, committed 768K, reserved 1048576K

