# JRE version: OpenJDK Runtime Environment (8.0_151-b12) (build 1.8.0_151-8u151-b12-0ubuntu0.17.10.2-b12)
# Java VM: OpenJDK 64-Bit Server VM (25.151-b12 mixed mode linux-amd64 compressed oops)
Heap:
 PSYoungGen      total 950784K, used 0K [0x000000076ab00000, 0x00000007c0000000, 0x00000007c0000000)
  eden space 674304K, 0% used [0x000000076ab00000,0x000000076ab00000,0x0000000793d80000)
  from space 276480K, 0% used [0x0000000793d80000,0x0000000793d80000,0x00000007a4b80000)
  to   space 387584K, 0% used [0x00000007a8580000,0x00000007a8580000,0x00000007c0000000)
 ParOldGen       total 742400K, used 731181K [0x00000006c0000000, 0x00000006ed500000, 0x000000076ab00000)
  object space 742400K, 98% used [0x00000006c0000000,0x00000006eca0b480,0x00000006ed500000)
 Metaspace       used 6988K, capacity 7704K, committed 7936K, reserved 1056768K
  class space    used 625K, capacity 656K, committed 768K, reserved 1048576K
GC Heap History (10 events):
Event: 16.252 GC heap after
Heap after GC invocations=19 (full 3):
 PSYoungGen      total 892928K, used 160365K [0x000000076ab00000, 0x00000007b3900000, 0x00000007c0000000)
  eden space 655360K, 0% used [0x000000076ab00000,0x000000076ab00000,0x0000000792b00000)
  from space 237568K, 67% used [0x00000007a1f00000,0x00000007abb9b6f8,0x00000007b0700000)
  to   space 249856K, 0% used [0x0000000792b00000,0x0000000792b00000,0x00000007a1f00000)
 ParOldGen       total 488448K, used 484843K [0x00000006c0000000, 0x00000006ddd00000, 0x000000076ab00000)
  object space 488448K, 99% used [0x00000006c0000000,0x00000006dd97ae40,0x00000006ddd00000)
 Metaspace       used 6616K, capacity 7346K, committed 7552K, reserved 1056768K
  class space    used 605K, capacity 618K, committed 640K, reserved 1048576K
}
Event: 16.252 GC heap before
{Heap before GC invocations=20 (full 4):
 PSYoungGen      total 892928K, used 160365K [0x000000076ab00000, 0x00000007b3900000, 0x00000007c0000000)
  eden space 655360K, 0% used [0x000000076ab00000,0x000000076ab00000,0x0000000792b00000)
  from space 237568K, 67% used [0x00000007a1f00000,0x00000007abb9b6f8,0x00000007b0700000)
  to   space 249856K, 0% used [0x0000000792b00000,0x0000000792b00000,0x00000007a1f00000)
 ParOldGen       total 488448K, used 484843K [0x00000006c0000000, 0x00000006ddd00000, 0x000000076ab00000)
  object space 488448K, 99% used [0x00000006c0000000,0x00000006dd97ae40,0x00000006ddd00000)
 Metaspace       used 6616K, capacity 7346K, committed 7552K, reserved 1056768K
  class space    used 605K, capacity 618K, committed 640K, reserved 1048576K
Event: 18.479 GC heap after
Heap after GC invocations=20 (full 4):
 PSYoungGen      total 892928K, used 142311K [0x000000076ab00000, 0x00000007b3900000, 0x00000007c0000000)
  eden space 655360K, 0% used [0x000000076ab00000,0x000000076ab00000,0x0000000792b00000)
  from space 237568K, 59% used [0x00000007a1f00000,0x00000007aa9f9e60,0x00000007b0700000)
  to   space 249856K, 0% used [0x0000000792b00000,0x0000000792b00000,0x00000007a1f00000)
 ParOldGen       total 742400K, used 487969K [0x00000006c0000000, 0x00000006ed500000, 0x000000076ab00000)
  object space 742400K, 65% used [0x00000006c0000000,0x00000006ddc884e8,0x00000006ed500000)
 Metaspace       used 6616K, capacity 7346K, committed 7552K, reserved 1056768K
  class space    used 605K, capacity 618K, committed 640K, reserved 1048576K
}
Event: 19.673 GC heap before
{Heap before GC invocations=21 (full 4):
 PSYoungGen      total 892928K, used 797671K [0x000000076ab00000, 0x00000007b3900000, 0x00000007c0000000)
  eden space 655360K, 100% used [0x000000076ab00000,0x0000000792b00000,0x0000000792b00000)
  from space 237568K, 59% used [0x00000007a1f00000,0x00000007aa9f9e60,0x00000007b0700000)
  to   space 249856K, 0% used [0x0000000792b00000,0x0000000792b00000,0x00000007a1f00000)
 ParOldGen       total 742400K, used 487969K [0x00000006c0000000, 0x00000006ed500000, 0x000000076ab00000)
  object space 742400K, 65% used [0x00000006c0000000,0x00000006ddc884e8,0x00000006ed500000)
 Metaspace       used 6617K, capacity 7346K, committed 7552K, reserved 1056768K
  class space    used 605K, capacity 618K, committed 640K, reserved 1048576K
Event: 19.889 GC heap after
Heap after GC invocations=21 (full 4):
 PSYoungGen      total 905216K, used 237467K [0x000000076ab00000, 0x00000007bb280000, 0x00000007c0000000)
  eden space 655360K, 0% used [0x000000076ab00000,0x000000076ab00000,0x0000000792b00000)
  from space 249856K, 95% used [0x0000000792b00000,0x00000007a12e6d10,0x00000007a1f00000)
  to   space 287744K, 0% used [0x00000007a9980000,0x00000007a9980000,0x00000007bb280000)
 ParOldGen       total 742400K, used 487969K [0x00000006c0000000, 0x00000006ed500000, 0x000000076ab00000)
  object space 742400K, 65% used [0x00000006c0000000,0x00000006ddc884e8,0x00000006ed500000)
 Metaspace       used 6617K, capacity 7346K, committed 7552K, reserved 1056768K
  class space    used 605K, capacity 618K, committed 640K, reserved 1048576K
}
Event: 21.715 GC heap before
{Heap before GC invocations=22 (full 4):
 PSYoungGen      total 905216K, used 892827K [0x000000076ab00000, 0x00000007bb280000, 0x00000007c0000000)
  eden space 655360K, 100% used [0x000000076ab00000,0x0000000792b00000,0x0000000792b00000)
  from space 249856K, 95% used [0x0000000792b00000,0x00000007a12e6d10,0x00000007a1f00000)
  to   space 287744K, 0% used [0x00000007a9980000,0x00000007a9980000,0x00000007bb280000)
 ParOldGen       total 742400K, used 487969K [0x00000006c0000000, 0x00000006ed500000, 0x000000076ab00000)
  object space 742400K, 65% used [0x00000006c0000000,0x00000006ddc884e8,0x00000006ed500000)
 Metaspace       used 6748K, capacity 7414K, committed 7552K, reserved 1056768K
  class space    used 612K, capacity 622K, committed 640K, reserved 1048576K
Event: 22.024 GC heap after
Heap after GC invocations=22 (full 4):
 PSYoungGen      total 962048K, used 287735K [0x000000076ab00000, 0x00000007c0000000, 0x00000007c0000000)
  eden space 674304K, 0% used [0x000000076ab00000,0x000000076ab00000,0x0000000793d80000)
  from space 287744K, 99% used [0x00000007a9980000,0x00000007bb27de40,0x00000007bb280000)
  to   space 356352K, 0% used [0x0000000793d80000,0x0000000793d80000,0x00000007a9980000)
 ParOldGen       total 742400K, used 542598K [0x00000006c0000000, 0x00000006ed500000, 0x000000076ab00000)
  object space 742400K, 73% used [0x00000006c0000000,0x00000006e11e1820,0x00000006ed500000)
 Metaspace       used 6748K, capacity 7414K, committed 7552K, reserved 1056768K
  class space    used 612K, capacity 622K, committed 640K, reserved 1048576K
}
Event: 23.591 GC heap before
{Heap before GC invocations=23 (full 4):
 PSYoungGen      total 962048K, used 962039K [0x000000076ab00000, 0x00000007c0000000, 0x00000007c0000000)
  eden space 674304K, 100% used [0x000000076ab00000,0x0000000793d80000,0x0000000793d80000)
  from space 287744K, 99% used [0x00000007a9980000,0x00000007bb27de40,0x00000007bb280000)
  to   space 356352K, 0% used [0x0000000793d80000,0x0000000793d80000,0x00000007a9980000)
 ParOldGen       total 742400K, used 542598K [0x00000006c0000000, 0x00000006ed500000, 0x000000076ab00000)
  object space 742400K, 73% used [0x00000006c0000000,0x00000006e11e1820,0x00000006ed500000)
 Metaspace       used 6988K, capacity 7704K, committed 7936K, reserved 1056768K
  class space    used 625K, capacity 656K, committed 768K, reserved 1048576K
Event: 23.935 GC heap after
Heap after GC invocations=23 (full 4):
 PSYoungGen      total 950784K, used 276445K [0x000000076ab00000, 0x00000007c0000000, 0x00000007c0000000)
  eden space 674304K, 0% used [0x000000076ab00000,0x000000076ab00000,0x0000000793d80000)
  from space 276480K, 99% used [0x0000000793d80000,0x00000007a4b774b8,0x00000007a4b80000)
  to   space 387584K, 0% used [0x00000007a8580000,0x00000007a8580000,0x00000007c0000000)
 ParOldGen       total 742400K, used 680003K [0x00000006c0000000, 0x00000006ed500000, 0x000000076ab00000)
  object space 742400K, 91% used [0x00000006c0000000,0x00000006e9810fe8,0x00000006ed500000)
 Metaspace       used 6988K, capacity 7704K, committed 7936K, reserved 1056768K
  class space    used 625K, capacity 656K, committed 768K, reserved 1048576K
}
Event: 23.936 GC heap before
{Heap before GC invocations=24 (full 5):
 PSYoungGen      total 950784K, used 276445K [0x000000076ab00000, 0x00000007c0000000, 0x00000007c0000000)
  eden space 674304K, 0% used [0x000000076ab00000,0x000000076ab00000,0x0000000793d80000)
  from space 276480K, 99% used [0x0000000793d80000,0x00000007a4b774b8,0x00000007a4b80000)
  to   space 387584K, 0% used [0x00000007a8580000,0x00000007a8580000,0x00000007c0000000)
 ParOldGen       total 742400K, used 680003K [0x00000006c0000000, 0x00000006ed500000, 0x000000076ab00000)
  object space 742400K, 91% used [0x00000006c0000000,0x00000006e9810fe8,0x00000006ed500000)
 Metaspace       used 6988K, capacity 7704K, committed 7936K, reserved 1056768K
  class space    used 625K, capacity 656K, committed 768K, reserved 1048576K

