# JRE version: Java(TM) SE Runtime Environment (8.0_161-b12) (build 1.8.0_161-b12)
# Java VM: Java HotSpot(TM) 64-Bit Server VM (25.161-b12 mixed mode linux-amd64 compressed oops)
Heap:
 PSYoungGen      total 801792K, used 196078K [0x000000076ab00000, 0x00000007a7980000, 0x00000007c0000000)
  eden space 605696K, 0% used [0x000000076ab00000,0x000000076ab00000,0x000000078fa80000)
  from space 196096K, 99% used [0x000000078fa80000,0x000000079b9fba70,0x000000079ba00000)
  to   space 186368K, 0% used [0x000000079ba80000,0x000000079ba80000,0x00000007a7080000)
 ParOldGen       total 494080K, used 380990K [0x00000006c0000000, 0x00000006de280000, 0x000000076ab00000)
  object space 494080K, 77% used [0x00000006c0000000,0x00000006d740f9e8,0x00000006de280000)
 Metaspace       used 6699K, capacity 7384K, committed 7680K, reserved 1056768K
  class space    used 630K, capacity 656K, committed 768K, reserved 1048576K
GC Heap History (10 events):
Event: 7.848 GC heap after
Heap after GC invocations=13 (full 2):
 PSYoungGen      total 527872K, used 77435K [0x000000076ab00000, 0x0000000798080000, 0x00000007c0000000)
  eden space 420352K, 0% used [0x000000076ab00000,0x000000076ab00000,0x0000000784580000)
  from space 107520K, 72% used [0x0000000784580000,0x000000078911efd0,0x000000078ae80000)
  to   space 115200K, 0% used [0x0000000791000000,0x0000000791000000,0x0000000798080000)
 ParOldGen       total 323072K, used 203858K [0x00000006c0000000, 0x00000006d3b80000, 0x000000076ab00000)
  object space 323072K, 63% used [0x00000006c0000000,0x00000006cc714ac0,0x00000006d3b80000)
 Metaspace       used 6685K, capacity 7384K, committed 7680K, reserved 1056768K
  class space    used 630K, capacity 656K, committed 768K, reserved 1048576K
}
Event: 8.770 GC heap before
{Heap before GC invocations=14 (full 2):
 PSYoungGen      total 527872K, used 497787K [0x000000076ab00000, 0x0000000798080000, 0x00000007c0000000)
  eden space 420352K, 100% used [0x000000076ab00000,0x0000000784580000,0x0000000784580000)
  from space 107520K, 72% used [0x0000000784580000,0x000000078911efd0,0x000000078ae80000)
  to   space 115200K, 0% used [0x0000000791000000,0x0000000791000000,0x0000000798080000)
 ParOldGen       total 323072K, used 203858K [0x00000006c0000000, 0x00000006d3b80000, 0x000000076ab00000)
  object space 323072K, 63% used [0x00000006c0000000,0x00000006cc714ac0,0x00000006d3b80000)
 Metaspace       used 6689K, capacity 7384K, committed 7680K, reserved 1056768K
  class space    used 630K, capacity 656K, committed 768K, reserved 1048576K
Event: 9.042 GC heap after
Heap after GC invocations=14 (full 2):
 PSYoungGen      total 599040K, used 115196K [0x000000076ab00000, 0x000000079c580000, 0x00000007c0000000)
  eden space 483840K, 0% used [0x000000076ab00000,0x000000076ab00000,0x0000000788380000)
  from space 115200K, 99% used [0x0000000791000000,0x000000079807f1a8,0x0000000798080000)
  to   space 143872K, 0% used [0x0000000788380000,0x0000000788380000,0x0000000791000000)
 ParOldGen       total 323072K, used 228363K [0x00000006c0000000, 0x00000006d3b80000, 0x000000076ab00000)
  object space 323072K, 70% used [0x00000006c0000000,0x00000006cdf02d98,0x00000006d3b80000)
 Metaspace       used 6689K, capacity 7384K, committed 7680K, reserved 1056768K
  class space    used 630K, capacity 656K, committed 768K, reserved 1048576K
}
Event: 10.160 GC heap before
{Heap before GC invocations=15 (full 2):
 PSYoungGen      total 599040K, used 599036K [0x000000076ab00000, 0x000000079c580000, 0x00000007c0000000)
  eden space 483840K, 100% used [0x000000076ab00000,0x0000000788380000,0x0000000788380000)
  from space 115200K, 99% used [0x0000000791000000,0x000000079807f1a8,0x0000000798080000)
  to   space 143872K, 0% used [0x0000000788380000,0x0000000788380000,0x0000000791000000)
 ParOldGen       total 323072K, used 228363K [0x00000006c0000000, 0x00000006d3b80000, 0x000000076ab00000)
  object space 323072K, 70% used [0x00000006c0000000,0x00000006cdf02d98,0x00000006d3b80000)
 Metaspace       used 6692K, capacity 7384K, committed 7680K, reserved 1056768K
  class space    used 630K, capacity 656K, committed 768K, reserved 1048576K
Event: 10.506 GC heap after
Heap after GC invocations=15 (full 2):
 PSYoungGen      total 627712K, used 143867K [0x000000076ab00000, 0x00000007a7080000, 0x00000007c0000000)
  eden space 483840K, 0% used [0x000000076ab00000,0x000000076ab00000,0x0000000788380000)
  from space 143872K, 99% used [0x0000000788380000,0x0000000790ffed10,0x0000000791000000)
  to   space 186368K, 0% used [0x000000079ba80000,0x000000079ba80000,0x00000007a7080000)
 ParOldGen       total 323072K, used 275785K [0x00000006c0000000, 0x00000006d3b80000, 0x000000076ab00000)
  object space 323072K, 85% used [0x00000006c0000000,0x00000006d0d52448,0x00000006d3b80000)
 Metaspace       used 6692K, capacity 7384K, committed 7680K, reserved 1056768K
  class space    used 630K, capacity 656K, committed 768K, reserved 1048576K
}
Event: 10.506 GC heap before
{Heap before GC invocations=16 (full 3):
 PSYoungGen      total 627712K, used 143867K [0x000000076ab00000, 0x00000007a7080000, 0x00000007c0000000)
  eden space 483840K, 0% used [0x000000076ab00000,0x000000076ab00000,0x0000000788380000)
  from space 143872K, 99% used [0x0000000788380000,0x0000000790ffed10,0x0000000791000000)
  to   space 186368K, 0% used [0x000000079ba80000,0x000000079ba80000,0x00000007a7080000)
 ParOldGen       total 323072K, used 275785K [0x00000006c0000000, 0x00000006d3b80000, 0x000000076ab00000)
  object space 323072K, 85% used [0x00000006c0000000,0x00000006d0d52448,0x00000006d3b80000)
 Metaspace       used 6692K, capacity 7384K, committed 7680K, reserved 1056768K
  class space    used 630K, capacity 656K, committed 768K, reserved 1048576K
Event: 11.898 GC heap after
Heap after GC invocations=16 (full 3):
 PSYoungGen      total 627712K, used 86122K [0x000000076ab00000, 0x00000007a7080000, 0x00000007c0000000)
  eden space 483840K, 0% used [0x000000076ab00000,0x000000076ab00000,0x0000000788380000)
  from space 143872K, 59% used [0x0000000788380000,0x000000078d79a890,0x0000000791000000)
  to   space 186368K, 0% used [0x000000079ba80000,0x000000079ba80000,0x00000007a7080000)
 ParOldGen       total 494080K, used 322771K [0x00000006c0000000, 0x00000006de280000, 0x000000076ab00000)
  object space 494080K, 65% used [0x00000006c0000000,0x00000006d3b34f30,0x00000006de280000)
 Metaspace       used 6692K, capacity 7384K, committed 7680K, reserved 1056768K
  class space    used 630K, capacity 656K, committed 768K, reserved 1048576K
}
Event: 13.039 GC heap before
{Heap before GC invocations=17 (full 3):
 PSYoungGen      total 627712K, used 569962K [0x000000076ab00000, 0x00000007a7080000, 0x00000007c0000000)
  eden space 483840K, 100% used [0x000000076ab00000,0x0000000788380000,0x0000000788380000)
  from space 143872K, 59% used [0x0000000788380000,0x000000078d79a890,0x0000000791000000)
  to   space 186368K, 0% used [0x000000079ba80000,0x000000079ba80000,0x00000007a7080000)
 ParOldGen       total 494080K, used 322771K [0x00000006c0000000, 0x00000006de280000, 0x000000076ab00000)
  object space 494080K, 65% used [0x00000006c0000000,0x00000006d3b34f30,0x00000006de280000)
 Metaspace       used 6694K, capacity 7384K, committed 7680K, reserved 1056768K
  class space    used 630K, capacity 656K, committed 768K, reserved 1048576K
Event: 13.506 GC heap after
Heap after GC invocations=17 (full 3):
 PSYoungGen      total 792064K, used 123805K [0x000000076ab00000, 0x00000007a7980000, 0x00000007c0000000)
  eden space 605696K, 0% used [0x000000076ab00000,0x000000076ab00000,0x000000078fa80000)
  from space 186368K, 66% used [0x000000079ba80000,0x00000007a3367698,0x00000007a7080000)
  to   space 196096K, 0% used [0x000000078fa80000,0x000000078fa80000,0x000000079ba00000)
 ParOldGen       total 494080K, used 365384K [0x00000006c0000000, 0x00000006de280000, 0x000000076ab00000)
  object space 494080K, 73% used [0x00000006c0000000,0x00000006d64d2178,0x00000006de280000)
 Metaspace       used 6694K, capacity 7384K, committed 7680K, reserved 1056768K
  class space    used 630K, capacity 656K, committed 768K, reserved 1048576K
}
Event: 14.792 GC heap before
{Heap before GC invocations=18 (full 3):
 PSYoungGen      total 792064K, used 729501K [0x000000076ab00000, 0x00000007a7980000, 0x00000007c0000000)
  eden space 605696K, 100% used [0x000000076ab00000,0x000000078fa80000,0x000000078fa80000)
  from space 186368K, 66% used [0x000000079ba80000,0x00000007a3367698,0x00000007a7080000)
  to   space 196096K, 0% used [0x000000078fa80000,0x000000078fa80000,0x000000079ba00000)
 ParOldGen       total 494080K, used 365384K [0x00000006c0000000, 0x00000006de280000, 0x000000076ab00000)
  object space 494080K, 73% used [0x00000006c0000000,0x00000006d64d2178,0x00000006de280000)
 Metaspace       used 6699K, capacity 7384K, committed 7680K, reserved 1056768K
  class space    used 630K, capacity 656K, committed 768K, reserved 1048576K

