# JRE version: Java(TM) SE Runtime Environment (8.0_161-b12) (build 1.8.0_161-b12)
# Java VM: Java HotSpot(TM) 64-Bit Server VM (25.161-b12 mixed mode linux-amd64 compressed oops)
Heap:
 PSYoungGen      total 1070592K, used 111919K [0x000000076ab00000, 0x00000007c0000000, 0x00000007c0000000)
  eden space 808960K, 0% used [0x000000076ab00000,0x000000076ab00000,0x000000079c100000)
  from space 261632K, 42% used [0x00000007b0080000,0x00000007b6dcbd68,0x00000007c0000000)
  to   space 294400K, 0% used [0x000000079c100000,0x000000079c100000,0x00000007ae080000)
 ParOldGen       total 717824K, used 717624K [0x00000006c0000000, 0x00000006ebd00000, 0x000000076ab00000)
  object space 717824K, 99% used [0x00000006c0000000,0x00000006ebcce0a0,0x00000006ebd00000)
 Metaspace       used 6982K, capacity 7608K, committed 7936K, reserved 1056768K
  class space    used 649K, capacity 688K, committed 768K, reserved 1048576K
GC Heap History (10 events):
Event: 16.492 GC heap after
Heap after GC invocations=16 (full 3):
 PSYoungGen      total 832512K, used 147447K [0x000000076ab00000, 0x00000007b5480000, 0x00000007c0000000)
  eden space 685056K, 0% used [0x000000076ab00000,0x000000076ab00000,0x0000000794800000)
  from space 147456K, 99% used [0x0000000794800000,0x000000079d7fdeb0,0x000000079d800000)
  to   space 201216K, 0% used [0x00000007a9000000,0x00000007a9000000,0x00000007b5480000)
 ParOldGen       total 455680K, used 359741K [0x00000006c0000000, 0x00000006dbd00000, 0x000000076ab00000)
  object space 455680K, 78% used [0x00000006c0000000,0x00000006d5f4f5d0,0x00000006dbd00000)
 Metaspace       used 6707K, capacity 7384K, committed 7680K, reserved 1056768K
  class space    used 630K, capacity 656K, committed 768K, reserved 1048576K
}
Event: 17.960 GC heap before
{Heap before GC invocations=17 (full 3):
 PSYoungGen      total 832512K, used 832503K [0x000000076ab00000, 0x00000007b5480000, 0x00000007c0000000)
  eden space 685056K, 100% used [0x000000076ab00000,0x0000000794800000,0x0000000794800000)
  from space 147456K, 99% used [0x0000000794800000,0x000000079d7fdeb0,0x000000079d800000)
  to   space 201216K, 0% used [0x00000007a9000000,0x00000007a9000000,0x00000007b5480000)
 ParOldGen       total 455680K, used 359741K [0x00000006c0000000, 0x00000006dbd00000, 0x000000076ab00000)
  object space 455680K, 78% used [0x00000006c0000000,0x00000006d5f4f5d0,0x00000006dbd00000)
 Metaspace       used 6712K, capacity 7384K, committed 7680K, reserved 1056768K
  class space    used 630K, capacity 656K, committed 768K, reserved 1048576K
Event: 18.385 GC heap after
Heap after GC invocations=17 (full 3):
 PSYoungGen      total 1009664K, used 136435K [0x000000076ab00000, 0x00000007b8180000, 0x00000007c0000000)
  eden space 808448K, 0% used [0x000000076ab00000,0x000000076ab00000,0x000000079c080000)
  from space 201216K, 67% used [0x00000007a9000000,0x00000007b153cc50,0x00000007b5480000)
  to   space 212480K, 0% used [0x000000079c080000,0x000000079c080000,0x00000007a9000000)
 ParOldGen       total 464384K, used 464103K [0x00000006c0000000, 0x00000006dc580000, 0x000000076ab00000)
  object space 464384K, 99% used [0x00000006c0000000,0x00000006dc539dd8,0x00000006dc580000)
 Metaspace       used 6712K, capacity 7384K, committed 7680K, reserved 1056768K
  class space    used 630K, capacity 656K, committed 768K, reserved 1048576K
}
Event: 18.398 GC heap before
{Heap before GC invocations=18 (full 4):
 PSYoungGen      total 1009664K, used 136435K [0x000000076ab00000, 0x00000007b8180000, 0x00000007c0000000)
  eden space 808448K, 0% used [0x000000076ab00000,0x000000076ab00000,0x000000079c080000)
  from space 201216K, 67% used [0x00000007a9000000,0x00000007b153cc50,0x00000007b5480000)
  to   space 212480K, 0% used [0x000000079c080000,0x000000079c080000,0x00000007a9000000)
 ParOldGen       total 464384K, used 464103K [0x00000006c0000000, 0x00000006dc580000, 0x000000076ab00000)
  object space 464384K, 99% used [0x00000006c0000000,0x00000006dc539dd8,0x00000006dc580000)
 Metaspace       used 6712K, capacity 7384K, committed 7680K, reserved 1056768K
  class space    used 630K, capacity 656K, committed 768K, reserved 1048576K
Event: 20.691 GC heap after
Heap after GC invocations=18 (full 4):
 PSYoungGen      total 1009664K, used 127273K [0x000000076ab00000, 0x00000007b8180000, 0x00000007c0000000)
  eden space 808448K, 0% used [0x000000076ab00000,0x000000076ab00000,0x000000079c080000)
  from space 201216K, 63% used [0x00000007a9000000,0x00000007b0c4a4d0,0x00000007b5480000)
  to   space 212480K, 0% used [0x000000079c080000,0x000000079c080000,0x00000007a9000000)
 ParOldGen       total 717824K, used 464192K [0x00000006c0000000, 0x00000006ebd00000, 0x000000076ab00000)
  object space 717824K, 64% used [0x00000006c0000000,0x00000006dc550098,0x00000006ebd00000)
 Metaspace       used 6712K, capacity 7384K, committed 7680K, reserved 1056768K
  class space    used 630K, capacity 656K, committed 768K, reserved 1048576K
}
Event: 22.263 GC heap before
{Heap before GC invocations=19 (full 4):
 PSYoungGen      total 1009664K, used 935721K [0x000000076ab00000, 0x00000007b8180000, 0x00000007c0000000)
  eden space 808448K, 100% used [0x000000076ab00000,0x000000079c080000,0x000000079c080000)
  from space 201216K, 63% used [0x00000007a9000000,0x00000007b0c4a4d0,0x00000007b5480000)
  to   space 212480K, 0% used [0x000000079c080000,0x000000079c080000,0x00000007a9000000)
 ParOldGen       total 717824K, used 464192K [0x00000006c0000000, 0x00000006ebd00000, 0x000000076ab00000)
  object space 717824K, 64% used [0x00000006c0000000,0x00000006dc550098,0x00000006ebd00000)
 Metaspace       used 6714K, capacity 7384K, committed 7680K, reserved 1056768K
  class space    used 630K, capacity 656K, committed 768K, reserved 1048576K
Event: 22.648 GC heap after
Heap after GC invocations=19 (full 4):
 PSYoungGen      total 1020928K, used 212476K [0x000000076ab00000, 0x00000007c0000000, 0x00000007c0000000)
  eden space 808448K, 0% used [0x000000076ab00000,0x000000076ab00000,0x000000079c080000)
  from space 212480K, 99% used [0x000000079c080000,0x00000007a8fff3a0,0x00000007a9000000)
  to   space 261632K, 0% used [0x00000007b0080000,0x00000007b0080000,0x00000007c0000000)
 ParOldGen       total 717824K, used 498668K [0x00000006c0000000, 0x00000006ebd00000, 0x000000076ab00000)
  object space 717824K, 69% used [0x00000006c0000000,0x00000006de6fb2d0,0x00000006ebd00000)
 Metaspace       used 6714K, capacity 7384K, committed 7680K, reserved 1056768K
  class space    used 630K, capacity 656K, committed 768K, reserved 1048576K
}
Event: 24.862 GC heap before
{Heap before GC invocations=20 (full 4):
 PSYoungGen      total 1020928K, used 1020924K [0x000000076ab00000, 0x00000007c0000000, 0x00000007c0000000)
  eden space 808448K, 100% used [0x000000076ab00000,0x000000079c080000,0x000000079c080000)
  from space 212480K, 99% used [0x000000079c080000,0x00000007a8fff3a0,0x00000007a9000000)
  to   space 261632K, 0% used [0x00000007b0080000,0x00000007b0080000,0x00000007c0000000)
 ParOldGen       total 717824K, used 498668K [0x00000006c0000000, 0x00000006ebd00000, 0x000000076ab00000)
  object space 717824K, 69% used [0x00000006c0000000,0x00000006de6fb2d0,0x00000006ebd00000)
 Metaspace       used 6982K, capacity 7608K, committed 7936K, reserved 1056768K
  class space    used 649K, capacity 688K, committed 768K, reserved 1048576K
Event: 25.531 GC heap after
Heap after GC invocations=20 (full 4):
 PSYoungGen      total 1070592K, used 227506K [0x000000076ab00000, 0x00000007c0000000, 0x00000007c0000000)
  eden space 808960K, 0% used [0x000000076ab00000,0x000000076ab00000,0x000000079c100000)
  from space 261632K, 86% used [0x00000007b0080000,0x00000007bdeac850,0x00000007c0000000)
  to   space 294400K, 0% used [0x000000079c100000,0x000000079c100000,0x00000007ae080000)
 ParOldGen       total 717824K, used 619789K [0x00000006c0000000, 0x00000006ebd00000, 0x000000076ab00000)
  object space 717824K, 86% used [0x00000006c0000000,0x00000006e5d434d8,0x00000006ebd00000)
 Metaspace       used 6982K, capacity 7608K, committed 7936K, reserved 1056768K
  class space    used 649K, capacity 688K, committed 768K, reserved 1048576K
}
Event: 25.532 GC heap before
{Heap before GC invocations=21 (full 5):
 PSYoungGen      total 1070592K, used 227506K [0x000000076ab00000, 0x00000007c0000000, 0x00000007c0000000)
  eden space 808960K, 0% used [0x000000076ab00000,0x000000076ab00000,0x000000079c100000)
  from space 261632K, 86% used [0x00000007b0080000,0x00000007bdeac850,0x00000007c0000000)
  to   space 294400K, 0% used [0x000000079c100000,0x000000079c100000,0x00000007ae080000)
 ParOldGen       total 717824K, used 619789K [0x00000006c0000000, 0x00000006ebd00000, 0x000000076ab00000)
  object space 717824K, 86% used [0x00000006c0000000,0x00000006e5d434d8,0x00000006ebd00000)
 Metaspace       used 6982K, capacity 7608K, committed 7936K, reserved 1056768K
  class space    used 649K, capacity 688K, committed 768K, reserved 1048576K

